<?xml version="1.0" encoding="UTF-8"?>
<!-- Generated by org.testng.reporters.JUnitReportReporter -->
<testsuite hostname="HR-52L" failures="0" tests="4" name="Tests.LoginTest" time="38.260" errors="0" timestamp="2025-05-19T15:42:13 IST" skipped="0">
  <testcase classname="Tests.LoginTest" name="testInvalidLogin" time="33.129"/>
  <system-out/>
  <testcase classname="Tests.LoginTest" name="testLoginFieldsPresence" time="0.055"/>
  <system-out/>
  <testcase classname="Tests.LoginTest" name="testPageTitleAndUrl" time="0.009"/>
  <system-out/>
  <testcase classname="Tests.LoginTest" name="testValidLogin" time="5.067"/>
  <system-out/>
</testsuite> <!-- Tests.LoginTest -->
